<?xml version="1.0" encoding="UTF-8"?>
<testsuite xmlns:xsi="http://www.w3.org/2001/XMLSchema-instance" xsi:noNamespaceSchemaLocation="https://maven.apache.org/surefire/maven-surefire-plugin/xsd/surefire-test-report.xsd" name="br.ufsc.ine5410.TransactionProcessorTest" time="0.635" tests="4" errors="0" skipped="0" failures="0">
  <properties>
[...]
</properties>
  <testcase name="testSecondClose" classname="br.ufsc.ine5410.TransactionProcessorTest" time="0.045"/>
  <testcase name="testChecksStock" classname="br.ufsc.ine5410.TransactionProcessorTest" time="0.041"/>
  <testcase name="testDeadlock" classname="br.ufsc.ine5410.TransactionProcessorTest" time="0.385"/>
  <testcase name="testTransfers" classname="br.ufsc.ine5410.TransactionProcessorTest" time="0.041"/>
</testsuite>